2025-04-29 11:52:07,172 - INFO - Zip gerado com sucesso
2025-04-29 11:52:53,351 - ERROR - Arquivo CSV de artistas não encontrado
2025-05-13 21:55:20,373 - INFO - Artista criado com sucesso
2025-05-13 21:56:00,544 - INFO - Buscando artista
2025-05-13 21:56:05,737 - ERROR - Erro: Artista nao encontrado
2025-05-14 09:11:04,448 - INFO - Buscando todos os artistas
2025-05-14 09:11:17,613 - INFO - Buscando quantidade de artistas
2025-05-14 09:11:17,614 - INFO - Buscando todos os artistas
2025-05-14 09:11:31,355 - INFO - Pesquisando artistas
2025-05-14 09:11:44,837 - INFO - Pesquisando artistas
2025-05-14 09:12:02,939 - INFO - Zip gerado com sucesso
2025-05-14 09:13:08,817 - INFO - Hash gerado com sucesso
2025-05-14 09:13:16,361 - INFO - XML gerado com sucesso
2025-05-14 09:14:10,177 - INFO - Buscando artista
2025-05-14 09:14:14,463 - ERROR - Erro: Artista nao encontrado
2025-05-14 09:15:03,330 - ERROR - Erro: Artista nao encontrado
2025-05-14 09:19:25,443 - INFO - Buscando todos os albuns
2025-05-14 09:25:16,632 - INFO - Buscando quantidade de álbuns
2025-05-14 09:25:16,633 - INFO - Buscando todos os albuns
2025-05-14 09:25:32,817 - INFO - Pesquisando álbuns
2025-05-14 09:25:42,984 - INFO - Pesquisando álbuns
2025-05-14 09:26:22,367 - INFO - Zip gerado com sucesso
2025-05-14 09:26:23,580 - INFO - Zip gerado com sucesso
2025-05-14 09:26:59,301 - INFO - Hash gerado com sucesso
2025-05-14 09:27:06,675 - INFO - XML gerado com sucesso
2025-05-14 09:27:09,443 - INFO - XML gerado com sucesso
2025-05-14 09:27:38,308 - INFO - Buscando album
2025-05-14 09:27:42,561 - INFO - Buscando album
2025-05-14 09:27:47,697 - ERROR - Erro: Album não encontrado
2025-05-14 09:28:38,401 - INFO - Buscando album
2025-05-14 09:30:56,254 - ERROR - Erro: Album nao encontrado
2025-05-14 09:33:03,517 - INFO - Album criado com sucesso
2025-05-14 09:33:40,477 - INFO - Buscando todos os artistas
2025-05-14 09:35:32,979 - INFO - Buscando todos os albuns
2025-05-14 09:35:54,475 - INFO - Buscando todas as músicas
2025-05-14 09:36:36,584 - INFO - Musica criada com sucesso
2025-05-14 09:38:19,861 - INFO - Quantidade de músicas
2025-05-14 09:38:19,862 - INFO - Buscando todas as músicas
2025-05-14 09:38:47,024 - INFO - Pesquisando músicas
2025-05-14 09:39:00,394 - INFO - Zip gerado com sucesso
2025-05-14 09:40:32,924 - INFO - Hash gerado com sucesso
2025-05-14 09:40:39,599 - INFO - XML gerado com sucesso
2025-05-14 09:41:11,428 - INFO - Buscando musica
2025-05-14 09:41:16,029 - ERROR - Erro: Musica nao encontrada
2025-05-14 09:41:39,309 - INFO - Buscando todas as músicas
2025-05-14 09:43:01,745 - ERROR - Erro: Musica nao encontrada
2025-05-14 09:43:29,664 - ERROR - Erro: Musica nao encontrada
2025-05-14 10:06:56,140 - ERROR - Erro: Artista nao encontrado
2025-05-14 10:09:11,728 - ERROR - Erro: Artista nao encontrado
2025-05-14 10:09:57,433 - ERROR - Erro: Artista nao encontrado
2025-05-14 10:10:07,016 - INFO - Buscando album
2025-05-14 10:10:12,329 - ERROR - Erro: Album não encontrado
2025-05-14 10:10:19,787 - ERROR - Erro: Album nao encontrado
2025-05-14 10:10:31,775 - ERROR - Erro: Musica nao encontrada
2025-05-14 10:10:42,305 - ERROR - Erro: Musica nao encontrada
2025-05-14 10:11:28,915 - ERROR - Erro: Artista nao encontrado
2025-05-14 10:12:01,708 - INFO - Artista atualizado com sucesso
2025-05-14 10:12:01,709 - INFO - Artista atualizado com sucesso
2025-05-14 10:12:16,639 - INFO - Buscando todos os artistas
